<?xml version="1.0" encoding="UTF-8"?>
<!-- Generated by org.testng.reporters.JUnitXMLReporter -->
<testsuite ignored="0" hostname="fitboy" failures="0" tests="20" name="modelTests_DividendPay" time="0.151" errors="0" timestamp="2025-10-13T22:53:50 EDT">
  <testcase classname="com.mine.tradechamp.model.DividendPayoutDtoTest" name="dividendPayoutDtoConstructorTest" time="0.009"/>
  <testcase classname="com.mine.tradechamp.model.DividendPayoutDtoTest" name="dividendPayoutDtoAccoutIdTest" time="0.002"/>
  <testcase classname="com.mine.tradechamp.model.DividendPayoutDtoTest" name="dividendPayoutDtoCurrentStockPriceTest" time="0.003"/>
  <testcase classname="com.mine.tradechamp.model.DividendPayoutDtoTest" name="dividendPayoutDtoCurrentStockPriceTest" time="0.002"/>
  <testcase classname="com.mine.tradechamp.model.DividendPayoutDtoTest" name="dividendPayoutDtoCurrentStockQuantityTest" time="0.002"/>
  <testcase classname="com.mine.tradechamp.model.DividendPayoutDtoTest" name="dividendPayoutDtoCurrentYieldTest" time="0.002"/>
  <testcase classname="com.mine.tradechamp.model.DividendPayoutDtoTest" name="dividendPayoutDtoIdTest" time="0.001"/>
  <testcase classname="com.mine.tradechamp.model.DividendPayoutDtoTest" name="dividendPayoutDtoPayoutAmountTest" time="0.001"/>
  <testcase classname="com.mine.tradechamp.model.DividendPayoutDtoTest" name="dividendPayoutDtoStockSymbolTest" time="0.003"/>
  <testcase classname="com.mine.tradechamp.model.DividendPayoutTest" name="dividendPayConstructorTest" time="0.003"/>
  <testcase classname="com.mine.tradechamp.model.DividendPayoutTest" name="dividendPayoutAccoutIdTest" time="0.0"/>
  <testcase classname="com.mine.tradechamp.model.DividendPayoutTest" name="dividendPayoutCurrentStockPriceTest" time="0.001"/>
  <testcase classname="com.mine.tradechamp.model.DividendPayoutTest" name="dividendPayoutCurrentStockPriceTest" time="0.001"/>
  <testcase classname="com.mine.tradechamp.model.DividendPayoutTest" name="dividendPayoutCurrentStockQuantityTest" time="0.001"/>
  <testcase classname="com.mine.tradechamp.model.DividendPayoutTest" name="dividendPayoutCurrentYieldTest" time="0.001"/>
  <testcase classname="com.mine.tradechamp.model.DividendPayoutTest" name="dividendPayoutIdTest" time="0.001"/>
  <testcase classname="com.mine.tradechamp.model.DividendPayoutTest" name="dividendPayoutPayoutAmountTest" time="0.002"/>
  <testcase classname="com.mine.tradechamp.model.DividendPayoutTest" name="dividendPayoutStockSymbolTest" time="0.002"/>
  <testcase classname="com.mine.tradechamp.mapper.DividendPayoutMapperTest" name="dtoToModelMapTest" time="0.002"/>
  <testcase classname="com.mine.tradechamp.mapper.DividendPayoutMapperTest" name="modelToDtoMapTest" time="0.001"/>
</testsuite> <!-- modelTests_DividendPay -->
