<?xml version="1.0" encoding="UTF-8"?>
<!-- Generated by org.testng.reporters.JUnitReportReporter -->
<testsuite hostname="fitboy" failures="0" tests="9" name="com.mine.tradechamp.model.DividendPayoutDtoTest" time="0.025" errors="0" timestamp="2025-10-13T22:53:50 EDT" skipped="0">
  <testcase classname="com.mine.tradechamp.model.DividendPayoutDtoTest" name="dividendPayoutDtoConstructorTest" time="0.009"/>
  <testcase classname="com.mine.tradechamp.model.DividendPayoutDtoTest" name="dividendPayoutDtoPayoutAmountTest" time="0.001"/>
  <testcase classname="com.mine.tradechamp.model.DividendPayoutDtoTest" name="dividendPayoutDtoAccoutIdTest" time="0.002"/>
  <testcase classname="com.mine.tradechamp.model.DividendPayoutDtoTest" name="dividendPayoutDtoCurrentStockQuantityTest" time="0.002"/>
  <testcase classname="com.mine.tradechamp.model.DividendPayoutDtoTest" name="dividendPayoutDtoCurrentStockPriceTest" time="0.003"/>
  <testcase classname="com.mine.tradechamp.model.DividendPayoutDtoTest" name="dividendPayoutDtoIdTest" time="0.001"/>
  <testcase classname="com.mine.tradechamp.model.DividendPayoutDtoTest" name="dividendPayoutDtoCurrentStockPriceTest" time="0.002"/>
  <testcase classname="com.mine.tradechamp.model.DividendPayoutDtoTest" name="dividendPayoutDtoStockSymbolTest" time="0.003"/>
  <testcase classname="com.mine.tradechamp.model.DividendPayoutDtoTest" name="dividendPayoutDtoCurrentYieldTest" time="0.002"/>
</testsuite> <!-- com.mine.tradechamp.model.DividendPayoutDtoTest -->
