<?xml version="1.0" encoding="UTF-8"?>
<!-- Generated by org.testng.reporters.JUnitReportReporter -->
<testsuite hostname="fitboy" failures="0" tests="9" name="com.mine.tradechamp.model.DividendPayoutTest" time="0.012" errors="0" timestamp="2025-10-13T22:53:50 EDT" skipped="0">
  <testcase classname="com.mine.tradechamp.model.DividendPayoutTest" name="dividendPayConstructorTest" time="0.003"/>
  <testcase classname="com.mine.tradechamp.model.DividendPayoutTest" name="dividendPayoutCurrentYieldTest" time="0.001"/>
  <testcase classname="com.mine.tradechamp.model.DividendPayoutTest" name="dividendPayoutAccoutIdTest" time="0.000"/>
  <testcase classname="com.mine.tradechamp.model.DividendPayoutTest" name="dividendPayoutCurrentStockPriceTest" time="0.001"/>
  <testcase classname="com.mine.tradechamp.model.DividendPayoutTest" name="dividendPayoutPayoutAmountTest" time="0.002"/>
  <testcase classname="com.mine.tradechamp.model.DividendPayoutTest" name="dividendPayoutStockSymbolTest" time="0.002"/>
  <testcase classname="com.mine.tradechamp.model.DividendPayoutTest" name="dividendPayoutCurrentStockQuantityTest" time="0.001"/>
  <testcase classname="com.mine.tradechamp.model.DividendPayoutTest" name="dividendPayoutIdTest" time="0.001"/>
  <testcase classname="com.mine.tradechamp.model.DividendPayoutTest" name="dividendPayoutCurrentStockPriceTest" time="0.001"/>
</testsuite> <!-- com.mine.tradechamp.model.DividendPayoutTest -->
