<?xml version="1.0" encoding="UTF-8"?>
<!-- Generated by org.testng.reporters.JUnitReportReporter -->
<testsuite hostname="fitboy" failures="0" tests="2" name="com.mine.tradechamp.mapper.DividendPayoutMapperTest" time="0.003" errors="0" timestamp="2025-10-13T22:53:50 EDT" skipped="0">
  <testcase classname="com.mine.tradechamp.mapper.DividendPayoutMapperTest" name="modelToDtoMapTest" time="0.001"/>
  <testcase classname="com.mine.tradechamp.mapper.DividendPayoutMapperTest" name="dtoToModelMapTest" time="0.002"/>
</testsuite> <!-- com.mine.tradechamp.mapper.DividendPayoutMapperTest -->
