<?xml version="1.0" encoding="UTF-8"?>
<!-- Generated by org.testng.reporters.JUnitReportReporter -->
<testsuite hostname="fitboy" failures="0" tests="6" name="com.mine.tradechamp.model.AccountTest" time="0.009" errors="0" timestamp="2025-10-13T22:53:50 EDT" skipped="0">
  <testcase classname="com.mine.tradechamp.model.AccountTest" name="dividendPayConstructorTest" time="0.002"/>
  <testcase classname="com.mine.tradechamp.model.AccountTest" name="accountTypeTest" time="0.001"/>
  <testcase classname="com.mine.tradechamp.model.AccountTest" name="accountOwnerTest" time="0.002"/>
  <testcase classname="com.mine.tradechamp.model.AccountTest" name="accountBrokerTest" time="0.002"/>
  <testcase classname="com.mine.tradechamp.model.AccountTest" name="accountOpenedDateTest" time="0.001"/>
  <testcase classname="com.mine.tradechamp.model.AccountTest" name="accountIdTest" time="0.001"/>
</testsuite> <!-- com.mine.tradechamp.model.AccountTest -->
